<?xml version="1.0" encoding="UTF-8"?>
<!-- Generated by org.testng.reporters.JUnitReportReporter -->
<testsuite hostname="somya-pc" name="amazontest.FlipkartTest" tests="1" failures="0" timestamp="22 Apr 2016 02:57:20 GMT" time="72.641" errors="0">
  <testcase name="addToCart" time="72.641" classname="amazontest.FlipkartTest"/>
</testsuite> <!-- amazontest.FlipkartTest -->
