<?xml version="1.0" encoding="UTF-8"?>
<!-- Generated by org.testng.reporters.JUnitReportReporter -->
<testsuite hostname="somya-pc" name="CalTest.CalTest" tests="1" failures="0" timestamp="19 Apr 2016 00:28:01 GMT" time="4.364" errors="0">
  <testcase name="testCal" time="4.364" classname="CalTest.CalTest"/>
</testsuite> <!-- CalTest.CalTest -->
