<?xml version="1.0" encoding="UTF-8"?>
<!-- Generated by org.testng.reporters.JUnitReportReporter -->
<testsuite hostname="somya-pc" name="amazontest.FlipkartTest" tests="1" failures="0" timestamp="24 Apr 2016 05:24:02 GMT" time="69.010" errors="0">
  <testcase name="addToCart" time="69.010" classname="amazontest.FlipkartTest"/>
</testsuite> <!-- amazontest.FlipkartTest -->
